<?xml version="1.0" encoding="UTF-8"?>
<testsuite xmlns:xsi="http://www.w3.org/2001/XMLSchema-instance" xsi:noNamespaceSchemaLocation="https://maven.apache.org/surefire/maven-surefire-plugin/xsd/surefire-test-report.xsd" name="StressTest.StressTest" time="0.08" tests="1" errors="0" skipped="1" failures="0">
  <properties>
[...]
</properties>
  <testcase name="StressTest.StressTest" classname="StressTest.StressTest" time="0">
    <skipped message="BigQuery Storage long running tests are not enabled and will be skipped. To enable them, set system property &apos;bigquery.storage.enable_long_running_tests&apos; to true."/>
  </testcase>
</testsuite>